Temp/gradleOut/unityLibrary/build/outputs/logs/manifest-merger-release-report.txt
-- Merging decision tree log ---
manifest
ADDED from src\main\AndroidManifest.xml:2:1-36:12
INJECTED from src\main\AndroidManifest.xml:2:1-36:12
INJECTED from src\main\AndroidManifest.xml:2:1-36:12
INJECTED from src\main\AndroidManifest.xml:2:1-36:12
INJECTED from src\main\AndroidManifest.xml:2:1-36:12
INJECTED from src\main\AndroidManifest.xml:2:1-36:12
INJECTED from src\main\AndroidManifest.xml:2:1-36:12
	package
		ADDED from src\main\AndroidManifest.xml:2:70-98
		INJECTED from src\main\AndroidManifest.xml
		INJECTED from src\main\AndroidManifest.xml
	android:versionName
		ADDED from src\main\AndroidManifest.xml:2:164-189
		INJECTED from src\main\AndroidManifest.xml
		INJECTED from src\main\AndroidManifest.xml
	xmlns:android
		ADDED from src\main\AndroidManifest.xml:2:11-69
	android:versionCode
		ADDED from src\main\AndroidManifest.xml:2:140-163
		INJECTED from src\main\AndroidManifest.xml
		INJECTED from src\main\AndroidManifest.xml
	android:installLocation
		ADDED from src\main\AndroidManifest.xml:2:99-139
supports-screens
ADDED from src\main\AndroidManifest.xml:3:3-163
	android:largeScreens
		ADDED from src\main\AndroidManifest.xml:3:78-105
	android:smallScreens
		ADDED from src\main\AndroidManifest.xml:3:21-48
	android:normalScreens
		ADDED from src\main\AndroidManifest.xml:3:49-77
	android:xlargeScreens
		ADDED from src\main\AndroidManifest.xml:3:106-134
	android:anyDensity
		ADDED from src\main\AndroidManifest.xml:3:135-160
application
ADDED from src\main\AndroidManifest.xml:4:3-25:17
	android:label
		ADDED from src\main\AndroidManifest.xml:4:58-90
	android:debuggable
		ADDED from src\main\AndroidManifest.xml:4:91-116
	android:icon
		ADDED from src\main\AndroidManifest.xml:4:117-148
	android:theme
		ADDED from src\main\AndroidManifest.xml:4:16-57
activity#com.unity3d.player.UnityPlayerActivity
ADDED from src\main\AndroidManifest.xml:5:5-14:16
	android:screenOrientation
		ADDED from src\main\AndroidManifest.xml:5:102-140
	android:label
		ADDED from src\main\AndroidManifest.xml:5:69-101
	android:launchMode
		ADDED from src\main\AndroidManifest.xml:5:141-172
	android:hardwareAccelerated
		ADDED from src\main\AndroidManifest.xml:5:355-390
	android:configChanges
		ADDED from src\main\AndroidManifest.xml:5:173-354
	android:name
		ADDED from src\main\AndroidManifest.xml:5:15-68
meta-data#unityplayer.SkipPermissionsDialog
ADDED from src\main\AndroidManifest.xml:6:7-90
	android:value
		ADDED from src\main\AndroidManifest.xml:6:67-87
	android:name
		ADDED from src\main\AndroidManifest.xml:6:18-66
intent-filter#action:name:android.intent.action.MAIN+category:name:android.intent.category.LAUNCHER
ADDED from src\main\AndroidManifest.xml:7:7-10:23
action#android.intent.action.MAIN
ADDED from src\main\AndroidManifest.xml:8:9-61
	android:name
		ADDED from src\main\AndroidManifest.xml:8:17-58
category#android.intent.category.LAUNCHER
ADDED from src\main\AndroidManifest.xml:9:9-69
	android:name
		ADDED from src\main\AndroidManifest.xml:9:19-66
meta-data#unityplayer.UnityActivity
ADDED from src\main\AndroidManifest.xml:11:7-82
	android:value
		ADDED from src\main\AndroidManifest.xml:11:59-79
	android:name
		ADDED from src\main\AndroidManifest.xml:11:18-58
meta-data#android.notch_support
ADDED from src\main\AndroidManifest.xml:13:7-78
	android:value
		ADDED from src\main\AndroidManifest.xml:13:55-75
	android:name
		ADDED from src\main\AndroidManifest.xml:13:18-54
meta-data#unity.splash-mode
ADDED from src\main\AndroidManifest.xml:15:5-69
	android:value
		ADDED from src\main\AndroidManifest.xml:15:49-66
	android:name
		ADDED from src\main\AndroidManifest.xml:15:16-48
meta-data#unity.splash-enable
ADDED from src\main\AndroidManifest.xml:16:5-74
	android:value
		ADDED from src\main\AndroidManifest.xml:16:51-71
	android:name
		ADDED from src\main\AndroidManifest.xml:16:16-50
meta-data#notch.config
ADDED from src\main\AndroidManifest.xml:17:5-81
	android:value
		ADDED from src\main\AndroidManifest.xml:17:44-78
	android:name
		ADDED from src\main\AndroidManifest.xml:17:16-43
meta-data#unity.build-id
ADDED from src\main\AndroidManifest.xml:18:5-101
	android:value
		ADDED from src\main\AndroidManifest.xml:18:46-98
	android:name
		ADDED from src\main\AndroidManifest.xml:18:16-45
receiver#com.unity.androidnotifications.UnityNotificationManager
ADDED from src\main\AndroidManifest.xml:19:5-112
	android:exported
		ADDED from src\main\AndroidManifest.xml:19:86-109
	android:name
		ADDED from src\main\AndroidManifest.xml:19:15-85
receiver#com.unity.androidnotifications.UnityNotificationRestartOnBootReceiver
ADDED from src\main\AndroidManifest.xml:20:5-24:16
	android:enabled
		ADDED from src\main\AndroidManifest.xml:20:100-123
	android:name
		ADDED from src\main\AndroidManifest.xml:20:15-99
intent-filter#action:name:android.intent.action.BOOT_COMPLETED
ADDED from src\main\AndroidManifest.xml:21:7-23:23
action#android.intent.action.BOOT_COMPLETED
ADDED from src\main\AndroidManifest.xml:22:9-71
	android:name
		ADDED from src\main\AndroidManifest.xml:22:17-68
uses-permission#android.permission.CAMERA
ADDED from src\main\AndroidManifest.xml:26:3-63
	android:name
		ADDED from src\main\AndroidManifest.xml:26:20-60
uses-feature#android.hardware.camera.autofocus
ADDED from src\main\AndroidManifest.xml:27:3-92
	android:required
		ADDED from src\main\AndroidManifest.xml:27:66-89
	android:name
		ADDED from src\main\AndroidManifest.xml:27:17-65
uses-feature#0x00030000
ADDED from src\main\AndroidManifest.xml:28:3-52
	android:glEsVersion
		ADDED from src\main\AndroidManifest.xml:28:17-49
uses-feature#android.hardware.vulkan.version
ADDED from src\main\AndroidManifest.xml:29:3-91
	android:required
		ADDED from src\main\AndroidManifest.xml:29:64-88
	android:name
		ADDED from src\main\AndroidManifest.xml:29:17-63
uses-permission#android.permission.INTERNET
ADDED from src\main\AndroidManifest.xml:30:3-65
	android:name
		ADDED from src\main\AndroidManifest.xml:30:20-62
uses-feature#android.hardware.camera
ADDED from src\main\AndroidManifest.xml:31:3-83
	android:required
		ADDED from src\main\AndroidManifest.xml:31:56-80
	android:name
		ADDED from src\main\AndroidManifest.xml:31:17-55
uses-feature#android.hardware.camera.front
ADDED from src\main\AndroidManifest.xml:32:3-89
	android:required
		ADDED from src\main\AndroidManifest.xml:32:62-86
	android:name
		ADDED from src\main\AndroidManifest.xml:32:17-61
uses-feature#android.hardware.touchscreen
ADDED from src\main\AndroidManifest.xml:33:3-88
	android:required
		ADDED from src\main\AndroidManifest.xml:33:61-85
	android:name
		ADDED from src\main\AndroidManifest.xml:33:17-60
uses-feature#android.hardware.touchscreen.multitouch
ADDED from src\main\AndroidManifest.xml:34:3-99
	android:required
		ADDED from src\main\AndroidManifest.xml:34:72-96
	android:name
		ADDED from src\main\AndroidManifest.xml:34:17-71
uses-feature#android.hardware.touchscreen.multitouch.distinct
ADDED from src\main\AndroidManifest.xml:35:3-108
	android:required
		ADDED from src\main\AndroidManifest.xml:35:81-105
	android:name
		ADDED from src\main\AndroidManifest.xml:35:17-80
uses-sdk
INJECTED from src\main\AndroidManifest.xml reason: use-sdk injection requested
INJECTED from src\main\AndroidManifest.xml
INJECTED from src\main\AndroidManifest.xml
INJECTED from src\main\AndroidManifest.xml
INJECTED from src\main\AndroidManifest.xml
	android:targetSdkVersion
		INJECTED from src\main\AndroidManifest.xml
		ADDED from src\main\AndroidManifest.xml
		INJECTED from src\main\AndroidManifest.xml
	android:minSdkVersion
		INJECTED from src\main\AndroidManifest.xml
		ADDED from src\main\AndroidManifest.xml
		INJECTED from src\main\AndroidManifest.xml